Arguments: 
  C:\Program Files\nodejs\node.exe C:\Users\admin\AppData\Roaming\npm\node_modules\yarn\bin\yarn.js --silent

PATH: 
  C:\Users\admin\AppData\Roaming\npm;C:\Program Files\nodejs\;C:\Python38\Scripts\;C:\Python38\;C:\Program Files\Microsoft SDKs\Azure\Azure Dev Spaces CLI\;C:\Python27\;C:\Python27\Scripts;C:\Program Files (x86)\Microsoft SDKs\Azure\CLI2\wbin;C:\Program Files\Microsoft MPI\Bin\;C:\WINDOWS\system32;C:\WINDOWS;C:\WINDOWS\System32\Wbem;C:\WINDOWS\System32\WindowsPowerShell\v1.0\;C:\WINDOWS\System32\OpenSSH\;C:\Program Files (x86)\Microsoft SQL Server\130\Tools\Binn\;C:\Program Files\Microsoft SQL Server\130\Tools\Binn\;C:\Program Files (x86)\Microsoft SQL Server\130\DTS\Binn\;C:\Program Files\Microsoft SQL Server\130\DTS\Binn\;C:\Program Files\Microsoft SQL Server\Client SDK\ODBC\130\Tools\Binn\;C:\ProgramData\chocolatey\bin;C:\Program Files\dotnet\;C:\Program Files\Microsoft SQL Server\Client SDK\ODBC\170\Tools\Binn\;C:\Program Files (x86)\Microsoft SQL Server\140\Tools\Binn\;C:\Program Files\Microsoft SQL Server\140\Tools\Binn\;C:\Program Files (x86)\Microsoft SQL Server\140\DTS\Binn\;C:\Program Files\Microsoft SQL Server\140\DTS\Binn\;C:\Program Files (x86)\Microsoft SQL Server\150\DTS\Binn\;C:\Program Files\Microsoft\Web Platform Installer\;C:\Program Files (x86)\Microsoft SDKs\Azure\CLI\wbin;C:\Program Files (x86)\dotnet\;C:\Program Files\Microsoft Service Fabric\bin\Fabric\Fabric.Code;C:\Program Files\Microsoft SDKs\Service Fabric\Tools\ServiceFabricLocalClusterManager;C:\Program Files\PuTTY\;C:\Program Files\Devart\Review Assistant;C:\Program Files\AdoptOpenJDK\jdk8u192-b12\bin;C:\Program Files\Java\jdk1.8.0_231\bin;C:\Android\android-sdk\tools;C:\Android\android-sdk\platform-tools;C:\Android\android-sdk\tools\bin;C:\Program Files\Amazon\AWSCLIV2DevPreview\;C:\Program Files\Amazon\AWSSAMCLI\bin\;C:\Program Files\Amazon\AWSCLI\bin\;C:\Program Files\Docker\Docker\resources\bin;C:\ProgramData\DockerDesktop\version-bin;C:\Program Files\PowerShell\7\;C:\Program Files\Git\cmd;C:\Program Files\nodejs\;C:\Ruby27-x64\bin;C:\;C:\Users\admin\bin\Sencha\Cmd;C:\Program Files\Docker\Docker\Resources\bin;C:\Program;C:\Users\admin\.dotnet\tools;C:\Us;C:\Users\admin\AppData\Local\Programs\Microsoft VS Code\bin;C:\Users\admin\.dotnet\tools;C:\Users\admin\AppData\Local\Programs\Microsoft VS Code Insiders\bin;C:\Users\admin\AppData\Local\Microsoft\WindowsApps;C:\Users\admin\AppData\Roaming\npm

Yarn version: 
  1.22.4

Node version: 
  14.8.0

Platform: 
  win32 x64

Trace: 
  Error: EPERM: operation not permitted, unlink 'C:\Users\admin\AppData\Local\Yarn\Cache\v6\npm-@angular-core-9.0.0-227dc53e1ac81824f998c6e76000b7efc522641e-integrity\node_modules\@angular\core\.yarn-tarball.tgz'

npm manifest: 
  {
    "name": "ngapp2",
    "version": "0.0.0",
    "scripts": {
      "ng": "ng",
      "start": "ng serve",
      "build": "ng build",
      "test": "ng test",
      "lint": "ng lint",
      "e2e": "ng e2e"
    },
    "private": true,
    "dependencies": {
      "@angular/animations": "~10.0.6",
      "@angular/common": "~10.0.6",
      "@angular/compiler": "~10.0.6",
      "@angular/core": "~10.0.6",
      "@angular/forms": "~10.0.6",
      "@angular/platform-browser": "~10.0.6",
      "@angular/platform-browser-dynamic": "~10.0.6",
      "@angular/router": "~10.0.6",
      "rxjs": "~6.5.5",
      "tslib": "^2.0.0",
      "zone.js": "~0.10.3"
    },
    "devDependencies": {
      "@angular-devkit/build-angular": "~0.1000.5",
      "@angular/cli": "~10.0.5",
      "@angular/compiler-cli": "~10.0.6",
      "@types/node": "^12.11.1",
      "@types/jasmine": "~3.5.0",
      "@types/jasminewd2": "~2.0.3",
      "codelyzer": "^6.0.0",
      "jasmine-core": "~3.5.0",
      "jasmine-spec-reporter": "~5.0.0",
      "karma": "~5.0.0",
      "karma-chrome-launcher": "~3.1.0",
      "karma-coverage-istanbul-reporter": "~3.0.2",
      "karma-jasmine": "~3.3.0",
      "karma-jasmine-html-reporter": "^1.5.0",
      "protractor": "~7.0.0",
      "ts-node": "~8.3.0",
      "tslint": "~6.1.0",
      "typescript": "~3.9.5"
    }
  }

yarn manifest: 
  No manifest

Lockfile: 
  No lockfile
